<?xml version="1.0" encoding="UTF-8"?>
<!-- Generated by org.testng.reporters.JUnitXMLReporter -->
<testsuite hostname="zhouruideMacBook-Pro-2.local" ignored="0" name="审核项目接口" tests="1" failures="1" timestamp="31 一月 2021 15:18:32 GMT" time="0.14" errors="0">
  <testcase name="test" time="0.1" classname="cases81.AuditCase">
    <failure type="java.lang.AssertionError" message="expected [PASSED] but found [FAILED]">
      <![CDATA[java.lang.AssertionError: expected [PASSED] but found [FAILED]
	at cases81.AuditCase.test(AuditCase.java:35)
... Removed 35 stack frames]]>
    </failure>
  </testcase> <!-- test -->
</testsuite> <!-- 审核项目接口 -->
