<?xml version="1.0" encoding="UTF-8"?>
<!-- Generated by org.testng.reporters.JUnitXMLReporter -->
<testsuite hostname="zhouruideMacBook-Pro-2.local" ignored="0" name="管理员登录接口" tests="1" failures="1" timestamp="31 一月 2021 15:18:32 GMT" time="0.149" errors="0">
  <testcase name="test" time="0.095" classname="cases81.LoginCase">
    <failure type="java.lang.AssertionError" message="expected [PASSED] but found [FAILED]">
      <![CDATA[java.lang.AssertionError: expected [PASSED] but found [FAILED]
	at cases81.LoginCase.test(LoginCase.java:36)
... Removed 35 stack frames]]>
    </failure>
  </testcase> <!-- test -->
</testsuite> <!-- 管理员登录接口 -->
