{"uuid":"7a398cd9-ddcb-4637-a00f-5b8af7a98951","historyId":"b38d20893aa5b0806f0d2582f5a18384","fullName":"cases81.InvestCase.test","labels":[{"name":"package","value":"cases81.InvestCase"},{"name":"testClass","value":"cases81.InvestCase"},{"name":"testMethod","value":"test"},{"name":"parentSuite","value":"futureloan"},{"name":"suite","value":"投资接口"},{"name":"subSuite","value":"cases81.InvestCase"},{"name":"host","value":"zhouruideMacBook-Pro-2.local"},{"name":"thread","value":"30909@zhouruideMacBook-Pro-2.local.main(1)"}],"links":[],"name":"test","status":"failed","statusDetails":{"known":false,"muted":false,"flaky":false,"message":"expected [PASSED] but found [FAILED]","trace":"java.lang.AssertionError: expected [PASSED] but found [FAILED]\n\tat org.testng.Assert.fail(Assert.java:93)\n\tat org.testng.Assert.failNotEquals(Assert.java:512)\n\tat org.testng.Assert.assertEqualsImpl(Assert.java:134)\n\tat org.testng.Assert.assertEquals(Assert.java:115)\n\tat org.testng.Assert.assertEquals(Assert.java:189)\n\tat org.testng.Assert.assertEquals(Assert.java:199)\n\tat cases81.InvestCase.test(InvestCase.java:35)\n\tat sun.reflect.NativeMethodAccessorImpl.invoke0(Native Method)\n\tat sun.reflect.NativeMethodAccessorImpl.invoke(NativeMethodAccessorImpl.java:62)\n\tat sun.reflect.DelegatingMethodAccessorImpl.invoke(DelegatingMethodAccessorImpl.java:43)\n\tat java.lang.reflect.Method.invoke(Method.java:498)\n\tat org.testng.internal.MethodInvocationHelper.invokeMethod(MethodInvocationHelper.java:108)\n\tat org.testng.internal.Invoker.invokeMethod(Invoker.java:661)\n\tat org.testng.internal.Invoker.invokeTestMethod(Invoker.java:869)\n\tat org.testng.internal.Invoker.invokeTestMethods(Invoker.java:1193)\n\tat org.testng.internal.TestMethodWorker.invokeTestMethods(TestMethodWorker.java:126)\n\tat org.testng.internal.TestMethodWorker.run(TestMethodWorker.java:109)\n\tat org.testng.TestRunner.privateRun(TestRunner.java:744)\n\tat org.testng.TestRunner.run(TestRunner.java:602)\n\tat org.testng.SuiteRunner.runTest(SuiteRunner.java:380)\n\tat org.testng.SuiteRunner.runSequentially(SuiteRunner.java:375)\n\tat org.testng.SuiteRunner.privateRun(SuiteRunner.java:340)\n\tat org.testng.SuiteRunner.run(SuiteRunner.java:289)\n\tat org.testng.SuiteRunnerWorker.runSuite(SuiteRunnerWorker.java:52)\n\tat org.testng.SuiteRunnerWorker.run(SuiteRunnerWorker.java:86)\n\tat org.testng.TestNG.runSuitesSequentially(TestNG.java:1301)\n\tat org.testng.TestNG.runSuitesLocally(TestNG.java:1226)\n\tat org.testng.TestNG.runSuites(TestNG.java:1144)\n\tat org.testng.TestNG.run(TestNG.java:1115)\n\tat org.apache.maven.surefire.testng.TestNGExecutor.run(TestNGExecutor.java:283)\n\tat org.apache.maven.surefire.testng.TestNGXmlTestSuite.execute(TestNGXmlTestSuite.java:75)\n\tat org.apache.maven.surefire.testng.TestNGProvider.invoke(TestNGProvider.java:120)\n\tat org.apache.maven.surefire.booter.ForkedBooter.invokeProviderInSameClassLoader(ForkedBooter.java:384)\n\tat org.apache.maven.surefire.booter.ForkedBooter.runSuitesInProcess(ForkedBooter.java:345)\n\tat org.apache.maven.surefire.booter.ForkedBooter.execute(ForkedBooter.java:126)\n\tat org.apache.maven.surefire.booter.ForkedBooter.main(ForkedBooter.java:418)\n"},"stage":"finished","start":1612106312283,"stop":1612106312375,"steps":[{"name":"参数化","status":"passed","stage":"finished","start":1612106312283,"stop":1612106312284,"parameters":[{"name":"caseInfo","value":"CaseInfo{expectedResult='{\"$.code\":0,\"$.msg\":\"OK\"}', id=1, name='invest', method='post', url='http://api.lemonban.com/futureloan/member/invest', params='{\"member_id\":${member_id},\"loan_id\":${loan_id},\"amount\":6300.00} ', contentType='json', sql='null'}"}]}],"parameters":[{"name":"sheetIndex","value":"6"},{"name":"arg0","value":"CaseInfo{expectedResult='{\"$.code\":0,\"$.msg\":\"OK\"}', id=1, name='invest', method='post', url='http://api.lemonban.com/futureloan/member/invest', params='{\"member_id\":${member_id},\"loan_id\":${loan_id},\"amount\":6300.00} ', contentType='json', sql='null'}"}]}